This file contains any messages produced by compilers while
running configure, to aid debugging if configure makes a mistake.

configure:569: checking for a BSD compatible install
configure:625: checking whether build environment is sane
configure:682: checking whether make sets ${MAKE}
configure:728: checking for working aclocal
configure:741: checking for working autoconf
configure:754: checking for working automake
configure:767: checking for working autoheader
configure:780: checking for working makeinfo
configure:797: checking for gcc
configure:910: checking whether the C compiler (gcc -g -O2 ) works
configure:926: gcc -o conftest -g -O2   conftest.c  1>&5
configure:952: checking whether the C compiler (gcc -g -O2 ) is a cross-compiler
configure:957: checking whether we are using GNU C
configure:985: checking whether gcc accepts -g
configure:1017: checking how to run the C preprocessor
configure:1098: checking whether gcc needs -traditional
configure:1154: checking for a BSD compatible install
configure:1206: checking for ranlib
configure:1239: checking for texconfig
configure:1270: checking for POSIXized ISC
configure:1292: checking for minix/config.h
configure:1302: gcc -E  conftest.c >/dev/null 2>conftest.out
configure:1298:26: fatal error: minix/config.h: No such file or directory
compilation terminated.
configure: failed program was:
#line 1297 "configure"
#include "confdefs.h"
#include <minix/config.h>
configure:1341: checking whether to enable maintainer-specific portions of Makefiles
configure:1359: checking for Cygwin32 environment
configure:1371: gcc -c -g -O2  conftest.c 1>&5
configure: In function 'main':
configure:1367:8: error: '__CYGWIN32__' undeclared (first use in this function)
configure:1367:8: note: each undeclared identifier is reported only once for each function it appears in
configure: failed program was:
#line 1364 "configure"
#include "confdefs.h"

int main() {
return __CYGWIN32__;
; return 0; }
configure:1388: checking for Mingw32 environment
configure:1400: gcc -c -g -O2  conftest.c 1>&5
configure: In function 'main':
configure:1396:8: error: '__MINGW32__' undeclared (first use in this function)
configure:1396:8: note: each undeclared identifier is reported only once for each function it appears in
configure: failed program was:
#line 1393 "configure"
#include "confdefs.h"

int main() {
return __MINGW32__;
; return 0; }
configure:1419: checking for executable suffix
configure:1446: checking for sigblock
configure:1474: gcc -o conftest -g -O2   conftest.c  1>&5
configure:1546: checking for tputs in -lncurses
configure:1565: gcc -o conftest -g -O2   conftest.c -lncurses   1>&5
/usr/bin/ld: cannot find -lncurses
collect2: error: ld returned 1 exit status
configure: failed program was:
#line 1554 "configure"
#include "confdefs.h"
/* Override any gcc2 internal prototype to avoid an error.  */
/* We use char because int might match the return type of a gcc2
    builtin and then its argument prototype would still apply.  */
char tputs();

int main() {
tputs()
; return 0; }
configure:1546: checking for tputs in -lcurses
configure:1565: gcc -o conftest -g -O2   conftest.c -lcurses   1>&5
/usr/bin/ld: cannot find -lcurses
collect2: error: ld returned 1 exit status
configure: failed program was:
#line 1554 "configure"
#include "confdefs.h"
/* Override any gcc2 internal prototype to avoid an error.  */
/* We use char because int might match the return type of a gcc2
    builtin and then its argument prototype would still apply.  */
char tputs();

int main() {
tputs()
; return 0; }
configure:1546: checking for tputs in -ltermcap
configure:1565: gcc -o conftest -g -O2   conftest.c -ltermcap   1>&5
/usr/bin/ld: cannot find -ltermcap
collect2: error: ld returned 1 exit status
configure: failed program was:
#line 1554 "configure"
#include "confdefs.h"
/* Override any gcc2 internal prototype to avoid an error.  */
/* We use char because int might match the return type of a gcc2
    builtin and then its argument prototype would still apply.  */
char tputs();

int main() {
tputs()
; return 0; }
configure:1546: checking for tputs in -lterminfo
configure:1565: gcc -o conftest -g -O2   conftest.c -lterminfo   1>&5
/usr/bin/ld: cannot find -lterminfo
collect2: error: ld returned 1 exit status
configure: failed program was:
#line 1554 "configure"
#include "confdefs.h"
/* Override any gcc2 internal prototype to avoid an error.  */
/* We use char because int might match the return type of a gcc2
    builtin and then its argument prototype would still apply.  */
char tputs();

int main() {
tputs()
; return 0; }
configure:1546: checking for tputs in -ltermlib
configure:1565: gcc -o conftest -g -O2   conftest.c -ltermlib   1>&5
/usr/bin/ld: cannot find -ltermlib
collect2: error: ld returned 1 exit status
configure: failed program was:
#line 1554 "configure"
#include "confdefs.h"
/* Override any gcc2 internal prototype to avoid an error.  */
/* We use char because int might match the return type of a gcc2
    builtin and then its argument prototype would still apply.  */
char tputs();

int main() {
tputs()
; return 0; }
configure:1631: checking for ANSI C header files
configure:1740: checking for fcntl.h
configure:1750: gcc -E  conftest.c >/dev/null 2>conftest.out
configure:1740: checking for pwd.h
configure:1750: gcc -E  conftest.c >/dev/null 2>conftest.out
configure:1740: checking for string.h
configure:1740: checking for strings.h
configure:1740: checking for termcap.h
configure:1750: gcc -E  conftest.c >/dev/null 2>conftest.out
configure:1746:21: fatal error: termcap.h: No such file or directory
compilation terminated.
configure: failed program was:
#line 1745 "configure"
#include "confdefs.h"
#include <termcap.h>
configure:1740: checking for termio.h
configure:1750: gcc -E  conftest.c >/dev/null 2>conftest.out
configure:1740: checking for termios.h
configure:1750: gcc -E  conftest.c >/dev/null 2>conftest.out
configure:1740: checking for unistd.h
configure:1740: checking for sys/fcntl.h
configure:1750: gcc -E  conftest.c >/dev/null 2>conftest.out
configure:1740: checking for sys/file.h
configure:1740: checking for sys/ptem.h
configure:1750: gcc -E  conftest.c >/dev/null 2>conftest.out
configure:1746:22: fatal error: sys/ptem.h: No such file or directory
compilation terminated.
configure: failed program was:
#line 1745 "configure"
#include "confdefs.h"
#include <sys/ptem.h>
configure:1740: checking for sys/time.h
configure:1740: checking for sys/ttold.h
configure:1750: gcc -E  conftest.c >/dev/null 2>conftest.out
configure:1746:23: fatal error: sys/ttold.h: No such file or directory
compilation terminated.
configure: failed program was:
#line 1745 "configure"
#include "confdefs.h"
#include <sys/ttold.h>
configure:1740: checking for sys/wait.h
configure:1778: checking for off_t
configure:1811: checking return type of signal handlers
configure:1833: gcc -c -g -O2  conftest.c 1>&5
configure:1852: checking for working const
configure:1906: gcc -c -g -O2  conftest.c 1>&5
configure:1927: checking whether struct tm is in sys/time.h or time.h
configure:1940: gcc -c -g -O2  conftest.c 1>&5
configure:1964: checking for working alloca.h
configure:1997: checking for alloca
configure:2196: checking for vprintf
configure:2352: checking for setvbuf
configure:2380: gcc -o conftest -g -O2   conftest.c  1>&5
configure:2352: checking for getcwd
configure:2352: checking for memset
configure:2352: checking for bzero
configure:2352: checking for strchr
configure:2352: checking for strcasecmp
configure:2352: checking for sigprocmask
configure:2380: gcc -o conftest -g -O2   conftest.c  1>&5
configure:2352: checking for sigsetmask
configure:2407: checking for memcpy
configure:2407: checking for memmove
configure:2407: checking for strdup
configure:2407: checking for strerror
configure:2464: checking for inline
configure:2478: gcc -c -g -O2  conftest.c 1>&5
configure:2504: checking for size_t
configure:2540: checking for unistd.h
configure:2579: checking for getpagesize
configure:2632: checking for working mmap
configure:2780: gcc -o conftest -g -O2   conftest.c  1>&5
configure:2711:7: warning: conflicting types for built-in function 'malloc' [enabled by default]
configure: In function 'main':
configure:2728:3: warning: incompatible implicit declaration of built-in function 'exit' [enabled by default]
configure:2808: checking for argz.h
configure:2818: gcc -E  conftest.c >/dev/null 2>conftest.out
configure:2808: checking for limits.h
configure:2818: gcc -E  conftest.c >/dev/null 2>conftest.out
configure:2808: checking for locale.h
configure:2818: gcc -E  conftest.c >/dev/null 2>conftest.out
configure:2808: checking for nl_types.h
configure:2818: gcc -E  conftest.c >/dev/null 2>conftest.out
configure:2808: checking for malloc.h
configure:2818: gcc -E  conftest.c >/dev/null 2>conftest.out
configure:2808: checking for string.h
configure:2808: checking for unistd.h
configure:2808: checking for values.h
configure:2818: gcc -E  conftest.c >/dev/null 2>conftest.out
configure:2808: checking for sys/param.h
configure:2848: checking for getcwd
configure:2848: checking for munmap
configure:2876: gcc -o conftest -g -O2   conftest.c  1>&5
configure:2848: checking for putenv
configure:2848: checking for setenv
configure:2848: checking for setlocale
configure:2876: gcc -o conftest -g -O2   conftest.c  1>&5
configure:2848: checking for strchr
configure:2848: checking for strcasecmp
configure:2848: checking for __argz_count
configure:2876: gcc -o conftest -g -O2   conftest.c  1>&5
configure:2848: checking for __argz_stringify
configure:2876: gcc -o conftest -g -O2   conftest.c  1>&5
configure:2848: checking for __argz_next
configure:2876: gcc -o conftest -g -O2   conftest.c  1>&5
configure:2905: checking for stpcpy
configure:2933: gcc -o conftest -g -O2   conftest.c  1>&5
configure:2917:6: warning: conflicting types for built-in function 'stpcpy' [enabled by default]
configure:2967: checking for LC_MESSAGES
configure:2979: gcc -o conftest -g -O2   conftest.c  1>&5
configure:3000: checking whether NLS is requested
configure:3020: checking whether included gettext is requested
configure:3039: checking for libintl.h
configure:3049: gcc -E  conftest.c >/dev/null 2>conftest.out
configure:3066: checking for gettext in libc
configure:3078: gcc -o conftest -g -O2   conftest.c  1>&5
configure:3169: checking for msgfmt
configure:3203: checking for dcgettext
configure:3231: gcc -o conftest -g -O2   conftest.c  1>&5
configure:3215:6: warning: conflicting types for built-in function 'dcgettext' [enabled by default]
configure:3258: checking for gmsgfmt
configure:3294: checking for xgettext
configure:3334: gcc -o conftest -g -O2   conftest.c  1>&5
configure:3789: checking for catalogs to be installed
