This file contains any messages produced by compilers while
running configure, to aid debugging if configure makes a mistake.

configure:563: checking for Cygwin environment
configure:596: checking for mingw32 environment
configure:673: checking host system type
configure:694: checking target system type
configure:712: checking build system type
configure:737: checking for gcc
configure:850: checking whether the C compiler (gcc -g -O2 ) works
configure:866: gcc -o conftest -g -O2   conftest.c  1>&5
configure:892: checking whether the C compiler (gcc -g -O2 ) is a cross-compiler
configure:897: checking whether we are using GNU C
configure:925: checking whether gcc accepts -g
configure:957: checking for POSIXized ISC
configure:991: checking for a BSD compatible install
configure:1044: checking whether build environment is sane
configure:1101: checking whether make sets ${MAKE}
configure:1147: checking for working aclocal
configure:1160: checking for working autoconf
configure:1173: checking for working automake
configure:1186: checking for working autoheader
configure:1199: checking for working makeinfo
configure:1294: checking for ld used by GCC
configure:1362: checking if the linker (/usr/bin/ld) is GNU ld
configure:1379: checking for /usr/bin/ld option to reload object files
configure:1391: checking for BSD-compatible nm
configure:1429: checking whether ln -s works
configure:1450: checking how to recognise dependant libraries
configure:1593: checking for object suffix
configure:1619: checking for executable suffix
configure:1795: checking for ranlib
configure:1862: checking for strip
ltconfig:675:checking for gcc option to produce PIC
ltconfig:684:checking that gcc PIC flag  -fPIC -DPIC works.
ltconfig:746: checking if gcc static flag -static works
ltconfig:792: checking if gcc supports -c -o file.o
ltconfig:793: gcc -c -g -O2 -o out/conftest2.o  conftest.c 1>&5
ltconfig:846: checking if gcc supports -fno-rtti -fno-exceptions
ltconfig:847: gcc -c -g -O2 -fno-rtti -fno-exceptions -c conftest.c  conftest.c 1>&5
ltconfig:1309: checking if global_symbol_pipe works
ltconfig:1310: gcc -c -g -O2  conftest.c 1>&5
ltconfig:1313: eval "/usr/bin/nm -B conftest.o | sed -n -e 's/^.*[ 	]\([ABCDGISTW]\)[ 	][ 	]*\(\)\([_A-Za-z][_A-Za-z0-9]*\)$/  /p' > conftest.nm"
ltconfig:1365: gcc -o conftest -g -O2 -fno-builtin   conftest.c conftstm.o 1>&5
configure:3074: checking for gcc
configure:3187: checking whether the C compiler (gcc -g -O2 ) works
configure:3203: gcc -o conftest -g -O2   conftest.c  1>&5
configure:3229: checking whether the C compiler (gcc -g -O2 ) is a cross-compiler
configure:3234: checking whether we are using GNU C
configure:3262: checking whether gcc accepts -g
configure:3299: checking for bison
configure:3299: checking for byacc
configure:3330: checking how to run the C preprocessor
configure:3415: checking for flex
configure:3448: checking for flex
configure:3482: checking for yywrap in -ll
configure:3524: checking lex output file root
configure:3545: checking whether yytext is a pointer
configure:3590: checking for ranlib
configure:3618: checking for ANSI C header files
configure:3722: checking for working const
configure:3797: checking for inline
configure:3837: checking for off_t
configure:3870: checking for size_t
configure:3905: checking for working alloca.h
configure:3938: checking for alloca
configure:4140: checking for unistd.h
configure:4179: checking for getpagesize
configure:4232: checking for working mmap
configure:4408: checking for argz.h
configure:4408: checking for limits.h
configure:4408: checking for locale.h
configure:4408: checking for nl_types.h
configure:4408: checking for malloc.h
configure:4408: checking for string.h
configure:4408: checking for unistd.h
configure:4408: checking for values.h
configure:4408: checking for sys/param.h
configure:4448: checking for getcwd
configure:4448: checking for munmap
configure:4448: checking for putenv
configure:4448: checking for setenv
configure:4448: checking for setlocale
configure:4448: checking for strchr
configure:4448: checking for strcasecmp
configure:4448: checking for __argz_count
configure:4448: checking for __argz_stringify
configure:4448: checking for __argz_next
configure:4567: checking for LC_MESSAGES
configure:4600: checking whether NLS is requested
configure:4620: checking whether included gettext is requested
configure:4639: checking for libintl.h
configure:4666: checking for gettext in libc
configure:4769: checking for msgfmt
configure:4803: checking for dcgettext
configure:4858: checking for gmsgfmt
configure:4894: checking for xgettext
configure:4934: gcc -o conftest -g -O2   conftest.c  1>&5
configure:5227: checking whether to enable maintainer-specific portions of Makefiles
configure:5252: checking for executable suffix
configure:5287: checking for string.h
configure:5287: checking for stdlib.h
configure:5287: checking for memory.h
configure:5297: gcc -E  conftest.c >/dev/null 2>conftest.out
configure:5287: checking for strings.h
configure:5287: checking for unistd.h
configure:5287: checking for stdarg.h
configure:5297: gcc -E  conftest.c >/dev/null 2>conftest.out
configure:5287: checking for varargs.h
configure:5297: gcc -E  conftest.c >/dev/null 2>conftest.out
In file included from configure:5293:0:
/usr/lib/gcc/i686-linux-gnu/4.8/include/varargs.h:4:2: error: #error "GCC no longer implements <varargs.h>."
 #error "GCC no longer implements <varargs.h>."
  ^
/usr/lib/gcc/i686-linux-gnu/4.8/include/varargs.h:5:2: error: #error "Revise your code to use <stdarg.h>."
 #error "Revise your code to use <stdarg.h>."
  ^
configure: failed program was:
#line 5292 "configure"
#include "confdefs.h"
#include <varargs.h>
configure:5287: checking for errno.h
configure:5297: gcc -E  conftest.c >/dev/null 2>conftest.out
configure:5287: checking for sys/types.h
configure:5297: gcc -E  conftest.c >/dev/null 2>conftest.out
configure:5327: checking whether compiling a cross-assembler
configure:5342: checking for working alloca.h
configure:5375: checking for alloca
configure:5574: checking for inline
configure:5618: checking for unlink
configure:5646: gcc -o conftest -g -O2   conftest.c  1>&5
configure:5675: checking for sbrk
configure:5862: checking for working assert macro
configure:5883: gcc -o conftest -g -O2   conftest.c  1>&5
configure:5924: checking whether declaration is required for strstr
configure:5940: gcc -o conftest -g -O2   conftest.c  1>&5
configure:5961: checking whether declaration is required for malloc
configure:5977: gcc -o conftest -g -O2   conftest.c  1>&5
configure:5998: checking whether declaration is required for free
configure:6014: gcc -o conftest -g -O2   conftest.c  1>&5
configure:6035: checking whether declaration is required for sbrk
configure:6051: gcc -o conftest -g -O2   conftest.c  1>&5
configure:6072: checking whether declaration is required for environ
configure:6088: gcc -o conftest -g -O2   conftest.c  1>&5
configure: In function 'main':
configure:6100:9: error: 'environ' undeclared (first use in this function)
  cat >> confdefs.h <<\EOF
         ^
configure:6100:9: note: each undeclared identifier is reported only once for each function it appears in
configure: failed program was:
#line 6077 "configure"
#include "confdefs.h"

#ifdef HAVE_MEMORY_H
#include <memory.h>
#endif
#ifdef HAVE_STRING_H
#include <string.h>
#else
#ifdef HAVE_STRINGS_H
#include <strings.h>
#endif
#endif
#ifdef HAVE_STDLIB_H
#include <stdlib.h>
#endif
#ifdef HAVE_UNISTD_H
#include <unistd.h>
#endif

int main() {

typedef char **f;
f x;
x = (f) environ;

; return 0; }
configure:6112: checking whether declaration is required for errno
configure:6132: gcc -o conftest -g -O2   conftest.c  1>&5
