This file contains any messages produced by compilers while
running configure, to aid debugging if configure makes a mistake.

configure:591: checking host system type
configure:614: checking build system type
configure:640: checking for ar
configure:672: checking for ranlib
configure:749: checking for gcc
configure:828: checking whether we are using GNU C
configure:837: gcc -E conftest.c
configure:852: checking whether gcc accepts -g
configure:881: checking for POSIXized ISC
configure:919: checking for a BSD compatible install
configure:980: checking how to run the C preprocessor
configure:1001: gcc -E  conftest.c >/dev/null 2>conftest.out
configure:1063: checking for sys/file.h
configure:1073: gcc -E  conftest.c >/dev/null 2>conftest.out
configure:1063: checking for sys/param.h
configure:1073: gcc -E  conftest.c >/dev/null 2>conftest.out
configure:1063: checking for stdlib.h
configure:1073: gcc -E  conftest.c >/dev/null 2>conftest.out
configure:1063: checking for string.h
configure:1073: gcc -E  conftest.c >/dev/null 2>conftest.out
configure:1063: checking for unistd.h
configure:1073: gcc -E  conftest.c >/dev/null 2>conftest.out
configure:1063: checking for strings.h
configure:1073: gcc -E  conftest.c >/dev/null 2>conftest.out
configure:1063: checking for sys/time.h
configure:1073: gcc -E  conftest.c >/dev/null 2>conftest.out
configure:1063: checking for sys/resource.h
configure:1073: gcc -E  conftest.c >/dev/null 2>conftest.out
configure:1100: checking for sys/wait.h that is POSIX.1 compatible
configure:1121: gcc -c -g -O2  conftest.c 1>&5
configure:1749: checking whether the C compiler (gcc -g -O2 ) works
configure:1765: gcc -o conftest -g -O2   conftest.c  1>&5
configure:1791: checking whether the C compiler (gcc -g -O2 ) is a cross-compiler
configure:1798: checking for asprintf
configure:1826: gcc -o conftest -g -O2   conftest.c  1>&5
configure:1798: checking for atexit
configure:1826: gcc -o conftest -g -O2   conftest.c  1>&5
configure:1798: checking for basename
configure:1826: gcc -o conftest -g -O2   conftest.c  1>&5
configure:1798: checking for bcmp
configure:1826: gcc -o conftest -g -O2   conftest.c  1>&5
configure:1810:6: warning: conflicting types for built-in function 'bcmp' [enabled by default]
configure:1798: checking for bcopy
configure:1826: gcc -o conftest -g -O2   conftest.c  1>&5
configure:1810:6: warning: conflicting types for built-in function 'bcopy' [enabled by default]
configure:1798: checking for bzero
configure:1826: gcc -o conftest -g -O2   conftest.c  1>&5
configure:1810:6: warning: conflicting types for built-in function 'bzero' [enabled by default]
configure:1798: checking for calloc
configure:1826: gcc -o conftest -g -O2   conftest.c  1>&5
configure:1810:6: warning: conflicting types for built-in function 'calloc' [enabled by default]
configure:1798: checking for clock
configure:1826: gcc -o conftest -g -O2   conftest.c  1>&5
configure:1798: checking for getcwd
configure:1826: gcc -o conftest -g -O2   conftest.c  1>&5
configure:1798: checking for getpagesize
configure:1826: gcc -o conftest -g -O2   conftest.c  1>&5
configure:1798: checking for index
configure:1826: gcc -o conftest -g -O2   conftest.c  1>&5
configure:1810:6: warning: conflicting types for built-in function 'index' [enabled by default]
configure:1798: checking for insque
configure:1826: gcc -o conftest -g -O2   conftest.c  1>&5
configure:1798: checking for memchr
configure:1826: gcc -o conftest -g -O2   conftest.c  1>&5
configure:1810:6: warning: conflicting types for built-in function 'memchr' [enabled by default]
configure:1798: checking for memcmp
configure:1826: gcc -o conftest -g -O2   conftest.c  1>&5
configure:1810:6: warning: conflicting types for built-in function 'memcmp' [enabled by default]
configure:1798: checking for memcpy
configure:1826: gcc -o conftest -g -O2   conftest.c  1>&5
configure:1810:6: warning: conflicting types for built-in function 'memcpy' [enabled by default]
configure:1798: checking for memmove
configure:1826: gcc -o conftest -g -O2   conftest.c  1>&5
configure:1810:6: warning: conflicting types for built-in function 'memmove' [enabled by default]
configure:1798: checking for memset
configure:1826: gcc -o conftest -g -O2   conftest.c  1>&5
configure:1810:6: warning: conflicting types for built-in function 'memset' [enabled by default]
configure:1798: checking for mkstemps
configure:1826: gcc -o conftest -g -O2   conftest.c  1>&5
configure:1798: checking for putenv
configure:1826: gcc -o conftest -g -O2   conftest.c  1>&5
configure:1798: checking for random
configure:1826: gcc -o conftest -g -O2   conftest.c  1>&5
configure:1798: checking for rename
configure:1826: gcc -o conftest -g -O2   conftest.c  1>&5
configure:1798: checking for rindex
configure:1826: gcc -o conftest -g -O2   conftest.c  1>&5
configure:1810:6: warning: conflicting types for built-in function 'rindex' [enabled by default]
configure:1798: checking for setenv
configure:1826: gcc -o conftest -g -O2   conftest.c  1>&5
configure:1798: checking for sigsetmask
configure:1826: gcc -o conftest -g -O2   conftest.c  1>&5
configure:1798: checking for strcasecmp
configure:1826: gcc -o conftest -g -O2   conftest.c  1>&5
configure:1810:6: warning: conflicting types for built-in function 'strcasecmp' [enabled by default]
configure:1798: checking for strchr
configure:1826: gcc -o conftest -g -O2   conftest.c  1>&5
configure:1810:6: warning: conflicting types for built-in function 'strchr' [enabled by default]
configure:1798: checking for strdup
configure:1826: gcc -o conftest -g -O2   conftest.c  1>&5
configure:1810:6: warning: conflicting types for built-in function 'strdup' [enabled by default]
configure:1798: checking for strncasecmp
configure:1826: gcc -o conftest -g -O2   conftest.c  1>&5
configure:1810:6: warning: conflicting types for built-in function 'strncasecmp' [enabled by default]
configure:1798: checking for strrchr
configure:1826: gcc -o conftest -g -O2   conftest.c  1>&5
configure:1810:6: warning: conflicting types for built-in function 'strrchr' [enabled by default]
configure:1798: checking for strstr
configure:1826: gcc -o conftest -g -O2   conftest.c  1>&5
configure:1810:6: warning: conflicting types for built-in function 'strstr' [enabled by default]
configure:1798: checking for strtod
configure:1826: gcc -o conftest -g -O2   conftest.c  1>&5
configure:1798: checking for strtol
configure:1826: gcc -o conftest -g -O2   conftest.c  1>&5
configure:1798: checking for strtoul
configure:1826: gcc -o conftest -g -O2   conftest.c  1>&5
configure:1798: checking for tmpnam
configure:1826: gcc -o conftest -g -O2   conftest.c  1>&5
/tmp/ccpbbBU8.o: In function `main':
/root/hdh/gcc-obj/libiberty/configure:1820: warning: the use of `tmpnam' is dangerous, better use `mkstemp'
configure:1798: checking for vasprintf
configure:1826: gcc -o conftest -g -O2   conftest.c  1>&5
configure:1798: checking for vfprintf
configure:1826: gcc -o conftest -g -O2   conftest.c  1>&5
configure:1810:6: warning: conflicting types for built-in function 'vfprintf' [enabled by default]
configure:1798: checking for vprintf
configure:1826: gcc -o conftest -g -O2   conftest.c  1>&5
configure:1810:6: warning: conflicting types for built-in function 'vprintf' [enabled by default]
configure:1798: checking for vsprintf
configure:1826: gcc -o conftest -g -O2   conftest.c  1>&5
configure:1810:6: warning: conflicting types for built-in function 'vsprintf' [enabled by default]
configure:1798: checking for waitpid
configure:1826: gcc -o conftest -g -O2   conftest.c  1>&5
configure:1873: checking for working alloca.h
configure:1885: gcc -o conftest -g -O2   conftest.c  1>&5
configure:1906: checking for alloca
configure:1939: gcc -o conftest -g -O2   conftest.c  1>&5
configure:2108: checking for ANSI C header files
configure:2121: gcc -E  conftest.c >/dev/null 2>conftest.out
configure:2188: gcc -o conftest -g -O2   conftest.c  1>&5
configure: In function 'main':
configure:2183:67: warning: incompatible implicit declaration of built-in function 'exit' [enabled by default]
configure:2212: checking for pid_t
configure:2246: checking for vfork.h
configure:2256: gcc -E  conftest.c >/dev/null 2>conftest.out
configure:2252:19: fatal error: vfork.h: No such file or directory
compilation terminated.
configure: failed program was:
#line 2251 "configure"
#include "confdefs.h"
#include <vfork.h>
configure:2281: checking for working vfork
configure:2432: gcc -o conftest -g -O2   conftest.c  1>&5
configure: In function 'main':
configure:2415:5: warning: incompatible implicit declaration of built-in function 'exit' [enabled by default]
configure: In function 'sparc_address_test':
configure:2370:12: warning: ignoring return value of 'write', declared with attribute warn_unused_result [-Wunused-result]
configure:2459: checking for sys_errlist
configure:2471: gcc -o conftest -g -O2   conftest.c  1>&5
/tmp/cc5hAsOu.o: In function `main':
/root/hdh/gcc-obj/libiberty/configure:2467: warning: `sys_errlist' is deprecated; use `strerror' or `strerror_r' instead
configure:2459: checking for sys_nerr
configure:2471: gcc -o conftest -g -O2   conftest.c  1>&5
/tmp/cc8DVP4p.o: In function `main':
/root/hdh/gcc-obj/libiberty/configure:2467: warning: `sys_nerr' is deprecated; use `strerror' or `strerror_r' instead
configure:2459: checking for sys_siglist
configure:2471: gcc -o conftest -g -O2   conftest.c  1>&5
configure:2497: checking for getrusage
configure:2525: gcc -o conftest -g -O2   conftest.c  1>&5
configure:2497: checking for on_exit
configure:2525: gcc -o conftest -g -O2   conftest.c  1>&5
configure:2497: checking for psignal
configure:2525: gcc -o conftest -g -O2   conftest.c  1>&5
configure:2497: checking for strerror
configure:2525: gcc -o conftest -g -O2   conftest.c  1>&5
configure:2497: checking for strsignal
configure:2525: gcc -o conftest -g -O2   conftest.c  1>&5
configure:2497: checking for sysconf
configure:2525: gcc -o conftest -g -O2   conftest.c  1>&5
configure:2497: checking for times
configure:2525: gcc -o conftest -g -O2   conftest.c  1>&5
configure:2497: checking for sbrk
configure:2525: gcc -o conftest -g -O2   conftest.c  1>&5
configure:2497: checking for gettimeofday
configure:2525: gcc -o conftest -g -O2   conftest.c  1>&5
